<?xml version="1.0" encoding="UTF-8"?>
<!-- Generated by org.testng.reporters.JUnitReportReporter -->
<testsuite skipped="1" hostname="ASDA1771PO02529" name="com.qait.selenium.AppTest" tests="1" failures="0" timestamp="10 Jun 2019 11:19:56 GMT" time="0.000" errors="0">
  <testcase name="testApp" time="0.000" classname="com.qait.selenium.AppTest">
    <skipped/>
  </testcase> <!-- testApp -->
</testsuite> <!-- com.qait.selenium.AppTest -->
