<?xml version="1.0" encoding="UTF-8"?>
<!-- Generated by org.testng.reporters.JUnitReportReporter -->
<testsuite skipped="0" hostname="ASDA1771PO02529" name="example.NewTest" tests="1" failures="0" timestamp="10 Jun 2019 12:34:38 GMT" time="4.818" errors="0">
  <testcase name="testEasy" time="4.818" classname="example.NewTest"/>
</testsuite> <!-- example.NewTest -->
