<?xml version="1.0" encoding="UTF-8"?>
<!-- Generated by org.testng.reporters.JUnitReportReporter -->
<testsuite skipped="0" hostname="ASDA1771PO02529" name="com.qait.selenium.AppTest" tests="1" failures="0" timestamp="10 Jun 2019 12:34:38 GMT" time="0.002" errors="0">
  <testcase name="testApp" time="0.002" classname="com.qait.selenium.AppTest"/>
</testsuite> <!-- com.qait.selenium.AppTest -->
